<?xml version="1.0" encoding="UTF-8"?>
<!-- Generated by org.testng.reporters.JUnitXMLReporter -->
<testsuite hostname="DESKTOP-O6T0DV2" ignored="3" name="测试" tests="33" failures="1" timestamp="2021-10-13T16:41:07 CST" time="10.618" errors="0">
  <testcase name="register" time="1.975" classname="com.lemon.testcases.RegisterTest">
    <failure type="java.lang.AssertionError" message="expected [1] but found [0]">
      <![CDATA[java.lang.AssertionError: expected [1] but found [0]
at com.lemon.common.BaseTest.assertResponse(BaseTest.java:119)
at com.lemon.testcases.RegisterTest.register(RegisterTest.java:50)
at java.util.ArrayList.forEach(ArrayList.java:1257)
... Removed 35 stack frames]]>
    </failure>
  </testcase> <!-- register -->
  <testcase name="register" time="0.256" classname="com.lemon.testcases.RegisterTest"/>
  <testcase name="register" time="0.281" classname="com.lemon.testcases.RegisterTest"/>
  <testcase name="register" time="0.171" classname="com.lemon.testcases.RegisterTest"/>
  <testcase name="register" time="0.189" classname="com.lemon.testcases.RegisterTest"/>
  <testcase name="register" time="0.205" classname="com.lemon.testcases.RegisterTest"/>
  <testcase name="register" time="0.292" classname="com.lemon.testcases.RegisterTest"/>
  <testcase name="register" time="0.33" classname="com.lemon.testcases.RegisterTest"/>
  <testcase name="register" time="0.388" classname="com.lemon.testcases.RegisterTest"/>
  <testcase name="register" time="0.092" classname="com.lemon.testcases.RegisterTest"/>
  <testcase name="register" time="0.088" classname="com.lemon.testcases.RegisterTest"/>
  <testcase name="register" time="0.099" classname="com.lemon.testcases.RegisterTest"/>
  <testcase name="register" time="0.101" classname="com.lemon.testcases.RegisterTest"/>
  <testcase name="register" time="0.091" classname="com.lemon.testcases.RegisterTest"/>
  <testcase name="login" time="0.254" classname="com.lemon.testcases.LoginTest"/>
  <testcase name="login" time="0.093" classname="com.lemon.testcases.LoginTest"/>
  <testcase name="login" time="0.09" classname="com.lemon.testcases.LoginTest"/>
  <testcase name="login" time="0.089" classname="com.lemon.testcases.LoginTest"/>
  <testcase name="login" time="0.095" classname="com.lemon.testcases.LoginTest"/>
  <testcase name="login" time="0.089" classname="com.lemon.testcases.LoginTest"/>
  <testcase name="login" time="0.225" classname="com.lemon.testcases.LoginTest"/>
  <testcase name="login" time="0.089" classname="com.lemon.testcases.LoginTest"/>
  <testcase name="login" time="0.094" classname="com.lemon.testcases.LoginTest"/>
  <testcase name="login" time="0.231" classname="com.lemon.testcases.LoginTest"/>
  <testcase name="login" time="0.262" classname="com.lemon.testcases.LoginTest"/>
  <testcase name="login" time="0.222" classname="com.lemon.testcases.LoginTest"/>
  <testcase name="login" time="0.226" classname="com.lemon.testcases.LoginTest"/>
  <testcase name="user_info" time="0.217" classname="com.lemon.testcases.GetUserInfoTest"/>
  <testcase name="user_info" time="0.219" classname="com.lemon.testcases.GetUserInfoTest"/>
  <testcase name="user_info" time="0.097" classname="com.lemon.testcases.GetUserInfoTest"/>
  <testcase name="investFlow" time="0.225" classname="com.lemon.testcases.InvestFlowTest"/>
  <testcase name="investFlow" time="0.087" classname="com.lemon.testcases.InvestFlowTest"/>
  <testcase name="investFlow" time="0.074" classname="com.lemon.testcases.InvestFlowTest"/>
  <testcase name="@BeforeSuite beforeSuite" time="0.0" classname="com.lemon.common.BaseTest">
    <ignored/>
  </testcase> <!-- @BeforeSuite beforeSuite -->
  <testcase name="@BeforeSuite beforeSuite" time="0.0" classname="com.lemon.common.BaseTest">
    <ignored/>
  </testcase> <!-- @BeforeSuite beforeSuite -->
  <testcase name="@BeforeSuite beforeSuite" time="0.0" classname="com.lemon.common.BaseTest">
    <ignored/>
  </testcase> <!-- @BeforeSuite beforeSuite -->
</testsuite> <!-- 测试 -->
