<?xml version="1.0" encoding="UTF-8"?>
<testng-results skipped="0" failed="1" ignored="3" total="36" passed="32">
  <reporter-output>
  </reporter-output>
  <suite name="测试套件" duration-ms="10618" started-at="2021-10-13T16:40:56 CST" finished-at="2021-10-13T16:41:07 CST">
    <groups>
    </groups>
    <test name="测试" duration-ms="10618" started-at="2021-10-13T16:40:56 CST" finished-at="2021-10-13T16:41:07 CST">
      <class name="com.lemon.testcases.GetUserInfoTest">
        <test-method status="PASS" signature="setup()[pri:0, instance:com.lemon.testcases.GetUserInfoTest@4763c727]" name="setup" is-config="true" duration-ms="419" started-at="2021-10-13T16:41:05 CST" finished-at="2021-10-13T16:41:06 CST">
          <reporter-output>
          </reporter-output>
        </test-method> <!-- setup -->
        <test-method status="PASS" signature="user_info(com.lemon.pojo.CaseInfo)[pri:0, instance:com.lemon.testcases.GetUserInfoTest@4763c727]" name="user_info" duration-ms="217" started-at="2021-10-13T16:41:06 CST" data-provider="getUserInfoDatas" finished-at="2021-10-13T16:41:06 CST">
          <params>
            <param index="0">
              <value>
                <![CDATA[CaseInfo{caseId=1, interfaceName='register', title='正常注册-普通用户，昵称为空，密码16位', requestHeader='{
 "X-Lemonban-Media-Type":"lemonban.v2",
 "Content-Type":"application/json"
}', method='POST', url='/member/register', inputParams='{
  "mobile_phone": "13358580334",
  "pwd": "lemon12345678901",
  "type":""
}', expected='null', extractExper='{"mobile_phone":"data.mobile_phone"}', dbAssert='null'}]]>
              </value>
            </param>
          </params>
          <reporter-output>
          </reporter-output>
        </test-method> <!-- user_info -->
        <test-method status="PASS" signature="user_info(com.lemon.pojo.CaseInfo)[pri:0, instance:com.lemon.testcases.GetUserInfoTest@4763c727]" name="user_info" duration-ms="219" started-at="2021-10-13T16:41:06 CST" data-provider="getUserInfoDatas" finished-at="2021-10-13T16:41:06 CST">
          <params>
            <param index="0">
              <value>
                <![CDATA[CaseInfo{caseId=2, interfaceName='login', title='正常登录', requestHeader='{
 "X-Lemonban-Media-Type":"lemonban.v2",
 "Content-Type":"application/json"
}', method='POST', url='/member/login', inputParams='{
  "mobile_phone": "13358580334",
  "pwd": "lemon12345678901"
}', expected='null', extractExper='{
  "member_id": "data.id",
  "token": "data.token_info.token"
}', dbAssert='null'}]]>
              </value>
            </param>
          </params>
          <reporter-output>
          </reporter-output>
        </test-method> <!-- user_info -->
        <test-method status="PASS" signature="user_info(com.lemon.pojo.CaseInfo)[pri:0, instance:com.lemon.testcases.GetUserInfoTest@4763c727]" name="user_info" duration-ms="97" started-at="2021-10-13T16:41:06 CST" data-provider="getUserInfoDatas" finished-at="2021-10-13T16:41:06 CST">
          <params>
            <param index="0">
              <value>
                <![CDATA[CaseInfo{caseId=3, interfaceName='member_info', title='正常获取用户信息', requestHeader='{
 "X-Lemonban-Media-Type":"lemonban.v2",
 "Content-Type":"application/json",
 "Authorization":"Bearer eyJhbGciOiJIUzUxMiJ9.eyJtZW1iZXJfaWQiOjEyMzY5ODUwNzcsImV4cCI6MTYzNDExNDc2N30.twnqe66yhPXFBAHCFy3nu1P1fTCuNoBE0hkq2s3izqE9l_QmoI3Rf5AEPUEac1elMTtXUjsNVefF69t8PEHwuQ"
}', method='GET', url='/member/1236985077/info', inputParams='null', expected='null', extractExper='null', dbAssert='null'}]]>
              </value>
            </param>
          </params>
          <reporter-output>
          </reporter-output>
        </test-method> <!-- user_info -->
      </class> <!-- com.lemon.testcases.GetUserInfoTest -->
      <class name="com.lemon.testcases.LoginTest">
        <test-method status="PASS" signature="beforeClass()[pri:0, instance:com.lemon.testcases.LoginTest@5b64c4b7]" name="beforeClass" is-config="true" duration-ms="596" started-at="2021-10-13T16:41:03 CST" finished-at="2021-10-13T16:41:03 CST">
          <reporter-output>
          </reporter-output>
        </test-method> <!-- beforeClass -->
        <test-method status="PASS" signature="login(com.lemon.pojo.CaseInfo)[pri:0, instance:com.lemon.testcases.LoginTest@5b64c4b7]" name="login" duration-ms="254" started-at="2021-10-13T16:41:03 CST" data-provider="getLoginDatas" finished-at="2021-10-13T16:41:04 CST">
          <params>
            <param index="0">
              <value>
                <![CDATA[CaseInfo{caseId=2, interfaceName='login', title='正常登录', requestHeader='{
 "X-Lemonban-Media-Type":"lemonban.v2",
 "Content-Type":"application/json"
}', method='POST', url='/member/login', inputParams='{
  "mobile_phone": "13353410144",
  "pwd": "lemon12345678901"
}', expected='{
    "code": 0,
    "msg": "OK",
 "data.leave_amount":0.0,
 "data.mobile_phone":"13353410144"
}', extractExper='null', dbAssert='null'}]]>
              </value>
            </param>
          </params>
          <reporter-output>
          </reporter-output>
        </test-method> <!-- login -->
        <test-method status="PASS" signature="login(com.lemon.pojo.CaseInfo)[pri:0, instance:com.lemon.testcases.LoginTest@5b64c4b7]" name="login" duration-ms="93" started-at="2021-10-13T16:41:04 CST" data-provider="getLoginDatas" finished-at="2021-10-13T16:41:04 CST">
          <params>
            <param index="0">
              <value>
                <![CDATA[CaseInfo{caseId=3, interfaceName='login', title='手机号为空', requestHeader='{
 "X-Lemonban-Media-Type":"lemonban.v2",
 "Content-Type":"application/json"
}', method='POST', url='/member/login', inputParams='{
  "mobile_phone": "",
  "pwd": "lemon666"
}', expected='{
  "code": 1,
  "msg": "手机号码为空"
}', extractExper='null', dbAssert='null'}]]>
              </value>
            </param>
          </params>
          <reporter-output>
          </reporter-output>
        </test-method> <!-- login -->
        <test-method status="PASS" signature="login(com.lemon.pojo.CaseInfo)[pri:0, instance:com.lemon.testcases.LoginTest@5b64c4b7]" name="login" duration-ms="90" started-at="2021-10-13T16:41:04 CST" data-provider="getLoginDatas" finished-at="2021-10-13T16:41:04 CST">
          <params>
            <param index="0">
              <value>
                <![CDATA[CaseInfo{caseId=4, interfaceName='login', title='手机号为10位', requestHeader='{
 "X-Lemonban-Media-Type":"lemonban.v2",
 "Content-Type":"application/json"
}', method='POST', url='/member/login', inputParams='{
  "mobile_phone": "1581554176",
  "pwd": "lemon666",
  "type":"1",
  "reg_name":"mengmeng"
}', expected='{
  "code": 2,
  "msg": "无效的手机格式"
}', extractExper='null', dbAssert='null'}]]>
              </value>
            </param>
          </params>
          <reporter-output>
          </reporter-output>
        </test-method> <!-- login -->
        <test-method status="PASS" signature="login(com.lemon.pojo.CaseInfo)[pri:0, instance:com.lemon.testcases.LoginTest@5b64c4b7]" name="login" duration-ms="89" started-at="2021-10-13T16:41:04 CST" data-provider="getLoginDatas" finished-at="2021-10-13T16:41:04 CST">
          <params>
            <param index="0">
              <value>
                <![CDATA[CaseInfo{caseId=5, interfaceName='login', title='手机号为12位', requestHeader='{
 "X-Lemonban-Media-Type":"lemonban.v2",
 "Content-Type":"application/json"
}', method='POST', url='/member/login', inputParams='{
  "mobile_phone": "158155417643",
  "pwd": "lemon666"
}', expected='{
  "code": 2,
  "msg": "无效的手机格式"
}', extractExper='null', dbAssert='null'}]]>
              </value>
            </param>
          </params>
          <reporter-output>
          </reporter-output>
        </test-method> <!-- login -->
        <test-method status="PASS" signature="login(com.lemon.pojo.CaseInfo)[pri:0, instance:com.lemon.testcases.LoginTest@5b64c4b7]" name="login" duration-ms="95" started-at="2021-10-13T16:41:04 CST" data-provider="getLoginDatas" finished-at="2021-10-13T16:41:04 CST">
          <params>
            <param index="0">
              <value>
                <![CDATA[CaseInfo{caseId=6, interfaceName='login', title='手机号包含非数字', requestHeader='{
 "X-Lemonban-Media-Type":"lemonban.v2",
 "Content-Type":"application/json"
}', method='POST', url='/member/login', inputParams='{
  "mobile_phone": "1581554176a",
  "pwd": "lemon666"
}', expected='{
  "code": 2,
  "msg": "无效的手机格式"
}', extractExper='null', dbAssert='null'}]]>
              </value>
            </param>
          </params>
          <reporter-output>
          </reporter-output>
        </test-method> <!-- login -->
        <test-method status="PASS" signature="login(com.lemon.pojo.CaseInfo)[pri:0, instance:com.lemon.testcases.LoginTest@5b64c4b7]" name="login" duration-ms="89" started-at="2021-10-13T16:41:04 CST" data-provider="getLoginDatas" finished-at="2021-10-13T16:41:04 CST">
          <params>
            <param index="0">
              <value>
                <![CDATA[CaseInfo{caseId=7, interfaceName='login', title='不存在的号段', requestHeader='{
 "X-Lemonban-Media-Type":"lemonban.v2",
 "Content-Type":"application/json"
}', method='POST', url='/member/login', inputParams='{
  "mobile_phone": "11015541764",
  "pwd": "lemon666"
}', expected='{
  "code": 2,
  "msg": "无效的手机格式"
}', extractExper='null', dbAssert='null'}]]>
              </value>
            </param>
          </params>
          <reporter-output>
          </reporter-output>
        </test-method> <!-- login -->
        <test-method status="PASS" signature="login(com.lemon.pojo.CaseInfo)[pri:0, instance:com.lemon.testcases.LoginTest@5b64c4b7]" name="login" duration-ms="225" started-at="2021-10-13T16:41:04 CST" data-provider="getLoginDatas" finished-at="2021-10-13T16:41:04 CST">
          <params>
            <param index="0">
              <value>
                <![CDATA[CaseInfo{caseId=8, interfaceName='login', title='输入未注册的手机号', requestHeader='{
 "X-Lemonban-Media-Type":"lemonban.v2",
 "Content-Type":"application/json"
}', method='POST', url='/member/login', inputParams='{
  "mobile_phone": "13323231200",
  "pwd": "lemon666"
}', expected='{
  "code": 1001,
  "msg": "账号信息错误"
}', extractExper='null', dbAssert='null'}]]>
              </value>
            </param>
          </params>
          <reporter-output>
          </reporter-output>
        </test-method> <!-- login -->
        <test-method status="PASS" signature="login(com.lemon.pojo.CaseInfo)[pri:0, instance:com.lemon.testcases.LoginTest@5b64c4b7]" name="login" duration-ms="89" started-at="2021-10-13T16:41:04 CST" data-provider="getLoginDatas" finished-at="2021-10-13T16:41:04 CST">
          <params>
            <param index="0">
              <value>
                <![CDATA[CaseInfo{caseId=9, interfaceName='login', title='密码为空', requestHeader='{
 "X-Lemonban-Media-Type":"lemonban.v2",
 "Content-Type":"application/json"
}', method='POST', url='/member/login', inputParams='{
  "mobile_phone": "15815541764",
  "pwd": ""
}', expected='{
  "code": 1,
  "msg": "密码为空"
}', extractExper='null', dbAssert='null'}]]>
              </value>
            </param>
          </params>
          <reporter-output>
          </reporter-output>
        </test-method> <!-- login -->
        <test-method status="PASS" signature="login(com.lemon.pojo.CaseInfo)[pri:0, instance:com.lemon.testcases.LoginTest@5b64c4b7]" name="login" duration-ms="94" started-at="2021-10-13T16:41:04 CST" data-provider="getLoginDatas" finished-at="2021-10-13T16:41:04 CST">
          <params>
            <param index="0">
              <value>
                <![CDATA[CaseInfo{caseId=10, interfaceName='login', title='密码为7位', requestHeader='{
 "X-Lemonban-Media-Type":"lemonban.v2",
 "Content-Type":"application/json"
}', method='POST', url='/member/login', inputParams='{
  "mobile_phone": "1515815541764",
  "pwd": "lemon666"
}', expected='{
  "code": 2,
  "msg": "无效的手机格式"
}', extractExper='null', dbAssert='null'}]]>
              </value>
            </param>
          </params>
          <reporter-output>
          </reporter-output>
        </test-method> <!-- login -->
        <test-method status="PASS" signature="login(com.lemon.pojo.CaseInfo)[pri:0, instance:com.lemon.testcases.LoginTest@5b64c4b7]" name="login" duration-ms="231" started-at="2021-10-13T16:41:04 CST" data-provider="getLoginDatas" finished-at="2021-10-13T16:41:05 CST">
          <params>
            <param index="0">
              <value>
                <![CDATA[CaseInfo{caseId=11, interfaceName='login', title='密码为17位', requestHeader='{
 "X-Lemonban-Media-Type":"lemonban.v2",
 "Content-Type":"application/json"
}', method='POST', url='/member/login', inputParams='{
  "mobile_phone": "15815541764",
  "pwd": "lemon123456789012"
}', expected='{
  "code": 1001,
  "msg": "账号信息错误"
}', extractExper='null', dbAssert='null'}]]>
              </value>
            </param>
          </params>
          <reporter-output>
          </reporter-output>
        </test-method> <!-- login -->
        <test-method status="PASS" signature="login(com.lemon.pojo.CaseInfo)[pri:0, instance:com.lemon.testcases.LoginTest@5b64c4b7]" name="login" duration-ms="262" started-at="2021-10-13T16:41:05 CST" data-provider="getLoginDatas" finished-at="2021-10-13T16:41:05 CST">
          <params>
            <param index="0">
              <value>
                <![CDATA[CaseInfo{caseId=12, interfaceName='login', title='密码错误-不区分大小写', requestHeader='{
 "X-Lemonban-Media-Type":"lemonban.v2",
 "Content-Type":"application/json"
}', method='POST', url='/member/login', inputParams='{
  "mobile_phone": "15815541764",
  "pwd": "LEMON666"
}', expected='{
  "code": 1001,
  "msg": "账号信息错误"
}', extractExper='null', dbAssert='null'}]]>
              </value>
            </param>
          </params>
          <reporter-output>
          </reporter-output>
        </test-method> <!-- login -->
        <test-method status="PASS" signature="login(com.lemon.pojo.CaseInfo)[pri:0, instance:com.lemon.testcases.LoginTest@5b64c4b7]" name="login" duration-ms="222" started-at="2021-10-13T16:41:05 CST" data-provider="getLoginDatas" finished-at="2021-10-13T16:41:05 CST">
          <params>
            <param index="0">
              <value>
                <![CDATA[CaseInfo{caseId=13, interfaceName='login', title='密码错误-过长', requestHeader='{
 "X-Lemonban-Media-Type":"lemonban.v2",
 "Content-Type":"application/json"
}', method='POST', url='/member/login', inputParams='{
  "mobile_phone": "15815541763",
  "pwd": "lemon66666"
}', expected='{
  "code": 1001,
  "msg": "账号信息错误"
}', extractExper='null', dbAssert='null'}]]>
              </value>
            </param>
          </params>
          <reporter-output>
          </reporter-output>
        </test-method> <!-- login -->
        <test-method status="PASS" signature="login(com.lemon.pojo.CaseInfo)[pri:0, instance:com.lemon.testcases.LoginTest@5b64c4b7]" name="login" duration-ms="226" started-at="2021-10-13T16:41:05 CST" data-provider="getLoginDatas" finished-at="2021-10-13T16:41:05 CST">
          <params>
            <param index="0">
              <value>
                <![CDATA[CaseInfo{caseId=14, interfaceName='login', title='密码错误-过短', requestHeader='{
 "X-Lemonban-Media-Type":"lemonban.v2",
 "Content-Type":"application/json"
}', method='POST', url='/member/login', inputParams='{
  "mobile_phone": "15815541763",
  "pwd": "lemon6"
}', expected='{
  "code": 1001,
  "msg": "账号信息错误"
}', extractExper='null', dbAssert='null'}]]>
              </value>
            </param>
          </params>
          <reporter-output>
          </reporter-output>
        </test-method> <!-- login -->
      </class> <!-- com.lemon.testcases.LoginTest -->
      <class name="com.lemon.testcases.InvestFlowTest">
        <test-method status="PASS" signature="beforeClass()[pri:0, instance:com.lemon.testcases.InvestFlowTest@72445aba]" name="beforeClass" is-config="true" duration-ms="0" started-at="2021-10-13T16:41:06 CST" finished-at="2021-10-13T16:41:06 CST">
          <reporter-output>
          </reporter-output>
        </test-method> <!-- beforeClass -->
        <test-method status="PASS" signature="investFlow(com.lemon.pojo.CaseInfo)[pri:0, instance:com.lemon.testcases.InvestFlowTest@72445aba]" name="investFlow" duration-ms="225" started-at="2021-10-13T16:41:06 CST" data-provider="getLoginDatas" finished-at="2021-10-13T16:41:07 CST">
          <params>
            <param index="0">
              <value>
                <![CDATA[CaseInfo{caseId=1, interfaceName='register', title='正常注册-普通用户，昵称为空，密码16位', requestHeader='{
 "X-Lemonban-Media-Type":"lemonban.v2",
 "Content-Type":"application/json"
}', method='POST', url='/member/register', inputParams='{
  "mobile_phone": "13358580334",
  "pwd": "lemon12345678901",
  "type":""
}', expected='null', extractExper='{"mobile_phone":"data.mobile_phone"}', dbAssert='null'}]]>
              </value>
            </param>
          </params>
          <reporter-output>
          </reporter-output>
        </test-method> <!-- investFlow -->
        <test-method status="PASS" signature="investFlow(com.lemon.pojo.CaseInfo)[pri:0, instance:com.lemon.testcases.InvestFlowTest@72445aba]" name="investFlow" duration-ms="87" started-at="2021-10-13T16:41:07 CST" data-provider="getLoginDatas" finished-at="2021-10-13T16:41:07 CST">
          <params>
            <param index="0">
              <value>
                <![CDATA[CaseInfo{caseId=2, interfaceName='login', title='正常登录', requestHeader='{
 "X-Lemonban-Media-Type":"lemonban.v2",
 "Content-Type":"application/json"
}', method='POST', url='/member/login', inputParams='{
  "mobile_phone": "null",
  "pwd": "lemon12345678901"
}', expected='null', extractExper='{
  "member_id": "data.id",
  "token": "data.token_info.token"
}', dbAssert='null'}]]>
              </value>
            </param>
          </params>
          <reporter-output>
          </reporter-output>
        </test-method> <!-- investFlow -->
        <test-method status="PASS" signature="investFlow(com.lemon.pojo.CaseInfo)[pri:0, instance:com.lemon.testcases.InvestFlowTest@72445aba]" name="investFlow" duration-ms="74" started-at="2021-10-13T16:41:07 CST" data-provider="getLoginDatas" finished-at="2021-10-13T16:41:07 CST">
          <params>
            <param index="0">
              <value>
                <![CDATA[CaseInfo{caseId=3, interfaceName='member_info', title='正常获取用户信息', requestHeader='{
 "X-Lemonban-Media-Type":"lemonban.v2",
 "Content-Type":"application/json",
 "Authorization":"Bearer null"
}', method='GET', url='/member/null/info', inputParams='null', expected='null', extractExper='null', dbAssert='null'}]]>
              </value>
            </param>
          </params>
          <reporter-output>
          </reporter-output>
        </test-method> <!-- investFlow -->
      </class> <!-- com.lemon.testcases.InvestFlowTest -->
      <class name="com.lemon.testcases.RegisterTest">
        <test-method status="PASS" signature="beforeSuite()[pri:0, instance:com.lemon.testcases.RegisterTest@5778826f]" name="beforeSuite" is-config="true" duration-ms="677" started-at="2021-10-13T16:40:55 CST" finished-at="2021-10-13T16:40:56 CST">
          <reporter-output>
          </reporter-output>
        </test-method> <!-- beforeSuite -->
        <test-method status="PASS" signature="setup()[pri:0, instance:com.lemon.testcases.RegisterTest@5778826f]" name="setup" is-config="true" duration-ms="1436" started-at="2021-10-13T16:40:56 CST" finished-at="2021-10-13T16:40:58 CST">
          <reporter-output>
          </reporter-output>
        </test-method> <!-- setup -->
        <test-method status="FAIL" signature="register(com.lemon.pojo.CaseInfo)[pri:0, instance:com.lemon.testcases.RegisterTest@5778826f]" name="register" duration-ms="1975" started-at="2021-10-13T16:40:58 CST" data-provider="getRegisterDatas" finished-at="2021-10-13T16:41:00 CST">
          <params>
            <param index="0">
              <value>
                <![CDATA[CaseInfo{caseId=1, interfaceName='register', title='正常注册-普通用户，昵称为空，密码16位', requestHeader='{
 "X-Lemonban-Media-Type":"lemonban.v2",
 "Content-Type":"application/json"
}', method='POST', url='/member/register', inputParams='{
  "mobile_phone": "13338048613",
  "pwd": "lemon12345678901",
  "type":""
}', expected='{
    "code": 1,
    "msg": "OK",
    "data.reg_name":"小柠檬",
 "data.mobile_phone":"13338048613"
}', extractExper='null', dbAssert='{
 "select count(*) from member where mobile_phone='13329334510'; " : 1
}'}]]>
              </value>
            </param>
          </params>
          <exception class="java.lang.AssertionError">
            <message>
              <![CDATA[expected [1] but found [0]]]>
            </message>
            <full-stacktrace>
              <![CDATA[java.lang.AssertionError: expected [1] but found [0]
at org.testng.Assert.fail(Assert.java:97)
at org.testng.Assert.assertEqualsImpl(Assert.java:136)
at org.testng.Assert.assertEquals(Assert.java:118)
at org.testng.Assert.assertEquals(Assert.java:563)
at com.lemon.common.BaseTest.assertResponse(BaseTest.java:119)
at com.lemon.testcases.RegisterTest.register(RegisterTest.java:50)
at sun.reflect.NativeMethodAccessorImpl.invoke0(Native Method)
at sun.reflect.NativeMethodAccessorImpl.invoke(NativeMethodAccessorImpl.java:62)
at sun.reflect.DelegatingMethodAccessorImpl.invoke(DelegatingMethodAccessorImpl.java:43)
at java.lang.reflect.Method.invoke(Method.java:498)
at org.testng.internal.MethodInvocationHelper.invokeMethod(MethodInvocationHelper.java:133)
at org.testng.internal.TestInvoker.invokeMethod(TestInvoker.java:584)
at org.testng.internal.TestInvoker.invokeTestMethod(TestInvoker.java:172)
at org.testng.internal.MethodRunner.runInSequence(MethodRunner.java:46)
at org.testng.internal.TestInvoker$MethodInvocationAgent.invoke(TestInvoker.java:804)
at org.testng.internal.TestInvoker.invokeTestMethods(TestInvoker.java:145)
at org.testng.internal.TestMethodWorker.invokeTestMethods(TestMethodWorker.java:146)
at org.testng.internal.TestMethodWorker.run(TestMethodWorker.java:128)
at java.util.ArrayList.forEach(ArrayList.java:1257)
at org.testng.TestRunner.privateRun(TestRunner.java:770)
at org.testng.TestRunner.run(TestRunner.java:591)
at org.testng.SuiteRunner.runTest(SuiteRunner.java:402)
at org.testng.SuiteRunner.runSequentially(SuiteRunner.java:396)
at org.testng.SuiteRunner.privateRun(SuiteRunner.java:355)
at org.testng.SuiteRunner.run(SuiteRunner.java:304)
at org.testng.SuiteRunnerWorker.runSuite(SuiteRunnerWorker.java:53)
at org.testng.SuiteRunnerWorker.run(SuiteRunnerWorker.java:96)
at org.testng.TestNG.runSuitesSequentially(TestNG.java:1180)
at org.testng.TestNG.runSuitesLocally(TestNG.java:1102)
at org.testng.TestNG.runSuites(TestNG.java:1032)
at org.testng.TestNG.run(TestNG.java:1000)
at org.apache.maven.surefire.testng.TestNGExecutor.run(TestNGExecutor.java:283)
at org.apache.maven.surefire.testng.TestNGXmlTestSuite.execute(TestNGXmlTestSuite.java:75)
at org.apache.maven.surefire.testng.TestNGProvider.invoke(TestNGProvider.java:120)
at org.apache.maven.surefire.booter.ForkedBooter.invokeProviderInSameClassLoader(ForkedBooter.java:384)
at org.apache.maven.surefire.booter.ForkedBooter.runSuitesInProcess(ForkedBooter.java:345)
at org.apache.maven.surefire.booter.ForkedBooter.execute(ForkedBooter.java:126)
at org.apache.maven.surefire.booter.ForkedBooter.main(ForkedBooter.java:418)
]]>
            </full-stacktrace>
          </exception> <!-- java.lang.AssertionError -->
          <reporter-output>
          </reporter-output>
        </test-method> <!-- register -->
        <test-method status="PASS" signature="register(com.lemon.pojo.CaseInfo)[pri:0, instance:com.lemon.testcases.RegisterTest@5778826f]" name="register" duration-ms="256" started-at="2021-10-13T16:41:00 CST" data-provider="getRegisterDatas" finished-at="2021-10-13T16:41:00 CST">
          <params>
            <param index="0">
              <value>
                <![CDATA[CaseInfo{caseId=2, interfaceName='register', title='正常注册-普通用户，type为空，密码8位', requestHeader='{
 "X-Lemonban-Media-Type":"lemonban.v2",
 "Content-Type":"application/json"
}', method='POST', url='/member/register', inputParams='{
  "mobile_phone": "13364133334",
  "pwd": "lemon666",
  "type":"",
  "reg_name":"tudou"
}', expected='{
    "code": 0,
    "msg": "OK",
    "data.reg_name":"tudou",
 "data.mobile_phone":"13364133334"
}', extractExper='null', dbAssert='null'}]]>
              </value>
            </param>
          </params>
          <reporter-output>
          </reporter-output>
        </test-method> <!-- register -->
        <test-method status="PASS" signature="register(com.lemon.pojo.CaseInfo)[pri:0, instance:com.lemon.testcases.RegisterTest@5778826f]" name="register" duration-ms="281" started-at="2021-10-13T16:41:00 CST" data-provider="getRegisterDatas" finished-at="2021-10-13T16:41:01 CST">
          <params>
            <param index="0">
              <value>
                <![CDATA[CaseInfo{caseId=3, interfaceName='register', title='正常注册-普通用户，昵称为空，密码16位', requestHeader='{
 "X-Lemonban-Media-Type":"lemonban.v2",
 "Content-Type":"application/json"
}', method='POST', url='/member/register', inputParams='{
  "mobile_phone": "13342727343",
  "pwd": "lemon12345678901",
  "type":"1",
  "reg_name":""
}', expected='{
    "code": 0,
    "msg": "OK",
    "data.reg_name":"",
 "data.mobile_phone":"13342727343"
}', extractExper='null', dbAssert='null'}]]>
              </value>
            </param>
          </params>
          <reporter-output>
          </reporter-output>
        </test-method> <!-- register -->
        <test-method status="PASS" signature="register(com.lemon.pojo.CaseInfo)[pri:0, instance:com.lemon.testcases.RegisterTest@5778826f]" name="register" duration-ms="171" started-at="2021-10-13T16:41:01 CST" data-provider="getRegisterDatas" finished-at="2021-10-13T16:41:01 CST">
          <params>
            <param index="0">
              <value>
                <![CDATA[CaseInfo{caseId=4, interfaceName='register', title='手机号为空', requestHeader='{
 "X-Lemonban-Media-Type":"lemonban.v2",
 "Content-Type":"application/json"
}', method='POST', url='/member/register', inputParams='{
  "mobile_phone": "",
  "pwd": "lemon666",
  "type":"1",
  "reg_name":"mengmeng"
}', expected='{
  "code": 1,
  "msg": "手机号为空"
}', extractExper='null', dbAssert='null'}]]>
              </value>
            </param>
          </params>
          <reporter-output>
          </reporter-output>
        </test-method> <!-- register -->
        <test-method status="PASS" signature="register(com.lemon.pojo.CaseInfo)[pri:0, instance:com.lemon.testcases.RegisterTest@5778826f]" name="register" duration-ms="189" started-at="2021-10-13T16:41:01 CST" data-provider="getRegisterDatas" finished-at="2021-10-13T16:41:01 CST">
          <params>
            <param index="0">
              <value>
                <![CDATA[CaseInfo{caseId=5, interfaceName='register', title='手机号为10位', requestHeader='{
 "X-Lemonban-Media-Type":"lemonban.v2",
 "Content-Type":"application/json"
}', method='POST', url='/member/register', inputParams='{
  "mobile_phone": "1581554176",
  "pwd": "lemon666",
  "type":"1",
  "reg_name":"mengmeng"
}', expected='{
  "code": 2,
  "msg": "无效的手机格式"
}', extractExper='null', dbAssert='null'}]]>
              </value>
            </param>
          </params>
          <reporter-output>
          </reporter-output>
        </test-method> <!-- register -->
        <test-method status="PASS" signature="register(com.lemon.pojo.CaseInfo)[pri:0, instance:com.lemon.testcases.RegisterTest@5778826f]" name="register" duration-ms="205" started-at="2021-10-13T16:41:01 CST" data-provider="getRegisterDatas" finished-at="2021-10-13T16:41:01 CST">
          <params>
            <param index="0">
              <value>
                <![CDATA[CaseInfo{caseId=6, interfaceName='register', title='手机号为12位', requestHeader='{
 "X-Lemonban-Media-Type":"lemonban.v2",
 "Content-Type":"application/json"
}', method='POST', url='/member/register', inputParams='{
  "mobile_phone": "158155417633",
  "pwd": "lemon666",
  "type":"1",
  "reg_name":"mengmeng"
}', expected='{
  "code": 2,
  "msg": "无效的手机格式"
}', extractExper='null', dbAssert='null'}]]>
              </value>
            </param>
          </params>
          <reporter-output>
          </reporter-output>
        </test-method> <!-- register -->
        <test-method status="PASS" signature="register(com.lemon.pojo.CaseInfo)[pri:0, instance:com.lemon.testcases.RegisterTest@5778826f]" name="register" duration-ms="292" started-at="2021-10-13T16:41:01 CST" data-provider="getRegisterDatas" finished-at="2021-10-13T16:41:01 CST">
          <params>
            <param index="0">
              <value>
                <![CDATA[CaseInfo{caseId=7, interfaceName='register', title='手机号包含非数字', requestHeader='{
 "X-Lemonban-Media-Type":"lemonban.v2",
 "Content-Type":"application/json"
}', method='POST', url='/member/register', inputParams='{
  "mobile_phone": "1581554176a",
  "pwd": "lemon123456",
  "type":"1",
  "reg_name":"mengmeng"
}', expected='{
  "code": 2,
  "msg": "无效的手机格式"
}', extractExper='null', dbAssert='null'}]]>
              </value>
            </param>
          </params>
          <reporter-output>
          </reporter-output>
        </test-method> <!-- register -->
        <test-method status="PASS" signature="register(com.lemon.pojo.CaseInfo)[pri:0, instance:com.lemon.testcases.RegisterTest@5778826f]" name="register" duration-ms="330" started-at="2021-10-13T16:41:01 CST" data-provider="getRegisterDatas" finished-at="2021-10-13T16:41:02 CST">
          <params>
            <param index="0">
              <value>
                <![CDATA[CaseInfo{caseId=8, interfaceName='register', title='手机号为不存在的号段', requestHeader='{
 "X-Lemonban-Media-Type":"lemonban.v2",
 "Content-Type":"application/json"
}', method='POST', url='/member/register', inputParams='{
  "mobile_phone": "11015541763",
  "pwd": "lemon123456",
  "type":"1",
  "reg_name":"mengmeng"
}', expected='{
  "code": 2,
  "msg": "无效的手机格式"
}', extractExper='null', dbAssert='null'}]]>
              </value>
            </param>
          </params>
          <reporter-output>
          </reporter-output>
        </test-method> <!-- register -->
        <test-method status="PASS" signature="register(com.lemon.pojo.CaseInfo)[pri:0, instance:com.lemon.testcases.RegisterTest@5778826f]" name="register" duration-ms="388" started-at="2021-10-13T16:41:02 CST" data-provider="getRegisterDatas" finished-at="2021-10-13T16:41:02 CST">
          <params>
            <param index="0">
              <value>
                <![CDATA[CaseInfo{caseId=9, interfaceName='register', title='手机号输入已注册号码', requestHeader='{
 "X-Lemonban-Media-Type":"lemonban.v2",
 "Content-Type":"application/json"
}', method='POST', url='/member/register', inputParams='{
  "mobile_phone": "15815541764",
  "pwd": "lemon666",
  "type":"1",
  "reg_name":"mengmeng"
}', expected='{
  "code": 2,
  "msg": "账号已存在"
}', extractExper='null', dbAssert='null'}]]>
              </value>
            </param>
          </params>
          <reporter-output>
          </reporter-output>
        </test-method> <!-- register -->
        <test-method status="PASS" signature="register(com.lemon.pojo.CaseInfo)[pri:0, instance:com.lemon.testcases.RegisterTest@5778826f]" name="register" duration-ms="92" started-at="2021-10-13T16:41:02 CST" data-provider="getRegisterDatas" finished-at="2021-10-13T16:41:02 CST">
          <params>
            <param index="0">
              <value>
                <![CDATA[CaseInfo{caseId=10, interfaceName='register', title='密码为空', requestHeader='{
 "X-Lemonban-Media-Type":"lemonban.v2",
 "Content-Type":"application/json"
}', method='POST', url='/member/register', inputParams='{
  "mobile_phone": "15815541766",
  "pwd": "",
  "type":"1",
  "reg_name":"mengmeng"
}', expected='{
  "code": 1,
  "msg": "密码为空"
}', extractExper='null', dbAssert='null'}]]>
              </value>
            </param>
          </params>
          <reporter-output>
          </reporter-output>
        </test-method> <!-- register -->
        <test-method status="PASS" signature="register(com.lemon.pojo.CaseInfo)[pri:0, instance:com.lemon.testcases.RegisterTest@5778826f]" name="register" duration-ms="88" started-at="2021-10-13T16:41:02 CST" data-provider="getRegisterDatas" finished-at="2021-10-13T16:41:02 CST">
          <params>
            <param index="0">
              <value>
                <![CDATA[CaseInfo{caseId=11, interfaceName='register', title='密码为7位', requestHeader='{
 "X-Lemonban-Media-Type":"lemonban.v2",
 "Content-Type":"application/json"
}', method='POST', url='/member/register', inputParams='{
  "mobile_phone": "15815541766",
  "pwd": "lemon66",
  "type":"1",
  "reg_name":"mengmeng"
}', expected='{
  "code": 2,
  "msg": "密码格式为8到16位"
}', extractExper='null', dbAssert='null'}]]>
              </value>
            </param>
          </params>
          <reporter-output>
          </reporter-output>
        </test-method> <!-- register -->
        <test-method status="PASS" signature="register(com.lemon.pojo.CaseInfo)[pri:0, instance:com.lemon.testcases.RegisterTest@5778826f]" name="register" duration-ms="99" started-at="2021-10-13T16:41:02 CST" data-provider="getRegisterDatas" finished-at="2021-10-13T16:41:02 CST">
          <params>
            <param index="0">
              <value>
                <![CDATA[CaseInfo{caseId=12, interfaceName='register', title='密码为17位', requestHeader='{
 "X-Lemonban-Media-Type":"lemonban.v2",
 "Content-Type":"application/json"
}', method='POST', url='/member/register', inputParams='{
  "mobile_phone": "15815541766",
  "pwd": "lemon123456789012",
  "type":"1",
  "reg_name":"mengmeng"
}', expected='{
  "code": 2,
  "msg": "密码格式为8到16位"
}', extractExper='null', dbAssert='null'}]]>
              </value>
            </param>
          </params>
          <reporter-output>
          </reporter-output>
        </test-method> <!-- register -->
        <test-method status="PASS" signature="register(com.lemon.pojo.CaseInfo)[pri:0, instance:com.lemon.testcases.RegisterTest@5778826f]" name="register" duration-ms="101" started-at="2021-10-13T16:41:02 CST" data-provider="getRegisterDatas" finished-at="2021-10-13T16:41:03 CST">
          <params>
            <param index="0">
              <value>
                <![CDATA[CaseInfo{caseId=13, interfaceName='register', title='type输入非0、1', requestHeader='{
 "X-Lemonban-Media-Type":"lemonban.v2",
 "Content-Type":"application/json"
}', method='POST', url='/member/register', inputParams='{
  "mobile_phone": "15815541766",
  "pwd": "lemon666",
  "type":"3",
  "reg_name":"mengmeng"
}', expected='{
  "code": 2,
  "msg": "不支持的用户类型"
}', extractExper='null', dbAssert='null'}]]>
              </value>
            </param>
          </params>
          <reporter-output>
          </reporter-output>
        </test-method> <!-- register -->
        <test-method status="PASS" signature="register(com.lemon.pojo.CaseInfo)[pri:0, instance:com.lemon.testcases.RegisterTest@5778826f]" name="register" duration-ms="91" started-at="2021-10-13T16:41:03 CST" data-provider="getRegisterDatas" finished-at="2021-10-13T16:41:03 CST">
          <params>
            <param index="0">
              <value>
                <![CDATA[CaseInfo{caseId=14, interfaceName='register', title='昵称超出10位', requestHeader='{
 "X-Lemonban-Media-Type":"lemonban.v2",
 "Content-Type":"application/json"
}', method='POST', url='/member/register', inputParams='{
  "mobile_phone": "15815541766",
  "pwd": "lemon666",
  "type":"1",
  "reg_name":"小柠檬mengmeng"
}', expected='{
  "code": 2,
  "msg": "用户昵称长度超过10位"
}', extractExper='null', dbAssert='null'}]]>
              </value>
            </param>
          </params>
          <reporter-output>
          </reporter-output>
        </test-method> <!-- register -->
      </class> <!-- com.lemon.testcases.RegisterTest -->
    </test> <!-- 测试 -->
  </suite> <!-- 测试套件 -->
</testng-results>
