-------------------------------------------------------------------------------
Test set: TestSuite
-------------------------------------------------------------------------------
Tests run: 33, Failures: 1, Errors: 0, Skipped: 0, Time elapsed: 12.751 s <<< FAILURE! - in TestSuite
register(com.lemon.testcases.RegisterTest)  Time elapsed: 2.022 s  <<< FAILURE!
java.lang.AssertionError: expected [1] but found [0]
	at com.lemon.testcases.RegisterTest.register(RegisterTest.java:50)

