<?xml version="1.0" encoding="UTF-8"?>
<testsuite xmlns:xsi="http://www.w3.org/2001/XMLSchema-instance" xsi:noNamespaceSchemaLocation="https://maven.apache.org/surefire/maven-surefire-plugin/xsd/surefire-test-report.xsd" name="TestSuite" time="12.751" tests="33" errors="0" skipped="0" failures="1">
  <properties>
[...]
</properties>
  <testcase name="register" classname="com.lemon.testcases.RegisterTest" time="2.022">
    <failure message="expected [1] but found [0]" type="java.lang.AssertionError">java.lang.AssertionError: expected [1] but found [0]
	at com.lemon.testcases.RegisterTest.register(RegisterTest.java:50)
</failure>
    <system-err><![CDATA[SLF4J: Failed to load class "org.slf4j.impl.StaticLoggerBinder".
SLF4J: Defaulting to no-operation (NOP) logger implementation
SLF4J: See http://www.slf4j.org/codes.html#StaticLoggerBinder for further details.
]]></system-err>
  </testcase>
  <testcase name="register" classname="com.lemon.testcases.RegisterTest" time="0.257"/>
  <testcase name="register" classname="com.lemon.testcases.RegisterTest" time="0.28"/>
  <testcase name="register" classname="com.lemon.testcases.RegisterTest" time="0.17"/>
  <testcase name="register" classname="com.lemon.testcases.RegisterTest" time="0.189"/>
  <testcase name="register" classname="com.lemon.testcases.RegisterTest" time="0.205"/>
  <testcase name="register" classname="com.lemon.testcases.RegisterTest" time="0.293"/>
  <testcase name="register" classname="com.lemon.testcases.RegisterTest" time="0.33"/>
  <testcase name="register" classname="com.lemon.testcases.RegisterTest" time="0.388"/>
  <testcase name="register" classname="com.lemon.testcases.RegisterTest" time="0.093"/>
  <testcase name="register" classname="com.lemon.testcases.RegisterTest" time="0.088"/>
  <testcase name="register" classname="com.lemon.testcases.RegisterTest" time="0.099"/>
  <testcase name="register" classname="com.lemon.testcases.RegisterTest" time="0.1"/>
  <testcase name="register" classname="com.lemon.testcases.RegisterTest" time="0.091"/>
  <testcase name="login" classname="com.lemon.testcases.LoginTest" time="0.254"/>
  <testcase name="login" classname="com.lemon.testcases.LoginTest" time="0.095"/>
  <testcase name="login" classname="com.lemon.testcases.LoginTest" time="0.09"/>
  <testcase name="login" classname="com.lemon.testcases.LoginTest" time="0.089"/>
  <testcase name="login" classname="com.lemon.testcases.LoginTest" time="0.094"/>
  <testcase name="login" classname="com.lemon.testcases.LoginTest" time="0.088"/>
  <testcase name="login" classname="com.lemon.testcases.LoginTest" time="0.225"/>
  <testcase name="login" classname="com.lemon.testcases.LoginTest" time="0.089"/>
  <testcase name="login" classname="com.lemon.testcases.LoginTest" time="0.093"/>
  <testcase name="login" classname="com.lemon.testcases.LoginTest" time="0.23"/>
  <testcase name="login" classname="com.lemon.testcases.LoginTest" time="0.261"/>
  <testcase name="login" classname="com.lemon.testcases.LoginTest" time="0.222"/>
  <testcase name="login" classname="com.lemon.testcases.LoginTest" time="0.226"/>
  <testcase name="user_info" classname="com.lemon.testcases.GetUserInfoTest" time="0.216"/>
  <testcase name="user_info" classname="com.lemon.testcases.GetUserInfoTest" time="0.219"/>
  <testcase name="user_info" classname="com.lemon.testcases.GetUserInfoTest" time="0.097"/>
  <testcase name="investFlow" classname="com.lemon.testcases.InvestFlowTest" time="0.226"/>
  <testcase name="investFlow" classname="com.lemon.testcases.InvestFlowTest" time="0.086"/>
  <testcase name="investFlow" classname="com.lemon.testcases.InvestFlowTest" time="0.073"/>
</testsuite>